<?xml version="1.0" encoding="UTF-8"?>
<!DOCTYPE topic PUBLIC "-//OASIS//DTD DITA Composite//EN" "ditabase.dtd">

<topic id="topic1">
  <title>判断被使用的查询优化器</title>
  <abstract>
    <shortdesc>当GPORCA被启用（默认启用）时，可以判断Greenplum数据库是在使用GPORCA还是退回到传统查询优化器。 </shortdesc>
  </abstract>
  <body>
    <p>可以检查查询的EXPLAIN查询计划来判断Greenplum数据库使用哪一种查询优化器来执行该查询：<ul
        id="ul_vc2_xbh_1t">
        <li>当GPORCA生成该查询计划时，设置optimizer=on和GPORCA的版本会被显示在查询计划的末尾。例如：<codeblock> Settings:  <b>optimizer=on</b>
 Optimizer status: <b>Pivotal Optimizer (GPORCA) version 1.584</b></codeblock><p>当Greenplum数据库退回到使用传统优化器生成该计划时，设置optimizer=on和legacy query optimizer会被显示在查询计划的末尾。例如：</codeph> are displayed at the end of the query plan. For
        <codeblock> Settings:  <b>optimizer=on</b>
 Optimizer status: <b>Postgres query optimizer</b></codeblock></p>当服务器配置参数OPTIMIZER是off时，下面这些行会被显示在查询计划的末尾。<codeblock> Settings:  <b>optimizer=off</b>
 Optimizer status: <b>Postgres query optimizer</b></codeblock></li>
        <li>下面这些计划项只出现在GPORCA生成的EXPLAIN计划输出中。传统优化器查询计划中不支持这些项。<ul id="ul_ej2_xbh_1t">
            <li>Assert operator</li>
            <li>Sequence operator</li>
            <li>DynamicIndexScan</li>
            <li>DynamicSeqScan</li>
          </ul></li>
        <li>当一个针对分区表的查询由GPORCA生成时，EXPLAIN计划只显示正在被消除的分区数。被扫描的分区不会被显示出来。由传统优化器生成的EXPLAIN计划会列出被扫描的分区。 </li>
      </ul></p>
    <p>日志文件包含的消息会指示使用了哪一种查询优化器。如果Greenplum数据库退回到传统优化器，一个带有NOTICE信息的消息会被增加到日志文件来表示不支持的特性。还有，当Greenplum数据库退回到传统优化器时，在该查询的执行日志消息中，标签Planner produced plan:会出现在该查询之前。</p>
    <note>可以通过设置Greenplum数据库的服务器配置参数client_min_messages为LOG来配置Greenplum数据库在psql命令行中显示日志消息。有关该参数的信息请见Greenplum数据库参考指南。</note>
  </body>
  <topic id="topic_n4w_nb5_xr">
    <title>Examples</title>
    <body>
      <p>This example shows the differences for a query that is run against partitioned tables when
        GPORCA is enabled.</p>
      <p>This <codeph>CREATE TABLE</codeph> statement creates a table with single level partitions:
        <codeblock>CREATE TABLE sales (trans_id int, date date, 
    amount decimal(9,2), region text)
   DISTRIBUTED BY (trans_id)
   PARTITION BY RANGE (date)
      (START (date '2016­01­01') 
       INCLUSIVE END (date '2017­01­01') 
       EXCLUSIVE EVERY (INTERVAL '1 month'),
   DEFAULT PARTITION outlying_dates );</codeblock></p>
      <p>GPORCA支持下面这个针对该表的查询并且不会在日志文件中生成错误：<codeblock>select * from sales ;</codeblock></p>
      <p>The <codeph>EXPLAIN</codeph> <codeblock> ->  Partition Selector for sales (dynamic scan id: 1)  (cost=10.00..100.00 rows=50 width=4)
       <b>Partitions selected:  13EXPLAIN计划输出只列出选中的分区数。 (out of 13)</b></codeblock></p>
      <p>如果GPORCA不支持一个针对分区表的查询，Greenplum数据库会退回到传统优化器。传统优化器生成的EXPLAIN计划会列出选中的分区。下面这个例子展示了解释计划的一部分，它列出了一些选中的分区。</p>
      <p>
        <codeblock> ->  Append  (cost=0.00..0.00 rows=26 width=53)
     <b>->  Seq Scan on sales2_1_prt_7_2_prt_usa sales2  (cost=0.00..0.00 rows=1 width=53)
     ->  Seq Scan on sales2_1_prt_7_2_prt_asia sales2  (cost=0.00..0.00 rows=1 width=53)
     ...</b></codeblock>
      </p>
      <p>这个例子展示了Greenplum数据库从GPORCA退回到传统查询优化器时的日志输出。 </p>
      <p>当这个查询被运行时，Greenplum数据库会退回到传统查询优化器。<codeblock>explain select * from pg_class;</codeblock></p>
      <p>一个消息会被增加到日志文件。该消息包含下面这个NOTICE信息，它指出了GPORCA没有执行该查询的原因：<codeblock>NOTICE,""Feature not supported: Queries on master-only tables"</codeblock></p>
    </body>
  </topic>
</topic>
